<?xml version="1.0" encoding="utf-8"?><testsuites name="pytest tests"><testsuite name="pytest" errors="0" failures="0" skipped="0" tests="27" time="7.241" timestamp="2026-03-15T11:23:45.643937+00:00" hostname="agent-env-21edd79f-4224-4f7d-b417-b909090c61a8"><testcase classname="test_new_features.TestZKPProofs" name="test_zkp_generate_inputs" time="0.298" /><testcase classname="test_new_features.TestZKPProofs" name="test_zkp_submit_proof_valid" time="0.149" /><testcase classname="test_new_features.TestZKPProofs" name="test_zkp_submit_proof_invalid_format" time="0.144" /><testcase classname="test_new_features.TestZKPProofs" name="test_zkp_get_proof_status" time="0.234" /><testcase classname="test_new_features.TestZKPProofs" name="test_zkp_get_proof_not_found" time="0.132" /><testcase classname="test_new_features.TestOnChainRelayer" name="test_relayer_prepare_tx" time="0.473" /><testcase classname="test_new_features.TestOnChainRelayer" name="test_relayer_prepare_tx_multiple_chains" time="2.022" /><testcase classname="test_new_features.TestOnChainRelayer" name="test_relayer_prepare_tx_invalid_chain" time="0.109" /><testcase classname="test_new_features.TestOnChainRelayer" name="test_relayer_stats" time="0.213" /><testcase classname="test_new_features.TestOnChainRelayer" name="test_relayer_stats_invalid_chain" time="0.099" /><testcase classname="test_new_features.TestCrossChainSplit" name="test_split_prepare" time="0.120" /><testcase classname="test_new_features.TestCrossChainSplit" name="test_split_prepare_invalid_percentage" time="0.098" /><testcase classname="test_new_features.TestCrossChainSplit" name="test_split_get_status" time="0.218" /><testcase classname="test_new_features.TestCrossChainSplit" name="test_split_get_not_found" time="0.096" /><testcase classname="test_new_features.TestEncryptedMessaging" name="test_messaging_send" time="0.113" /><testcase classname="test_new_features.TestEncryptedMessaging" name="test_messaging_send_with_tx_attachment" time="0.102" /><testcase classname="test_new_features.TestEncryptedMessaging" name="test_messaging_inbox" time="0.248" /><testcase classname="test_new_features.TestEncryptedMessaging" name="test_messaging_inbox_empty" time="0.105" /><testcase classname="test_new_features.TestMultisigPrivacy" name="test_multisig_create" time="0.114" /><testcase classname="test_new_features.TestMultisigPrivacy" name="test_multisig_create_invalid_threshold" time="0.242" /><testcase classname="test_new_features.TestMultisigPrivacy" name="test_multisig_propose" time="0.209" /><testcase classname="test_new_features.TestMultisigPrivacy" name="test_multisig_propose_non_owner" time="0.200" /><testcase classname="test_new_features.TestMultisigPrivacy" name="test_multisig_sign" time="0.426" /><testcase classname="test_new_features.TestMultisigPrivacy" name="test_multisig_sign_duplicate" time="0.415" /><testcase classname="test_new_features.TestMultisigPrivacy" name="test_multisig_get_details" time="0.249" /><testcase classname="test_new_features.TestMultisigPrivacy" name="test_multisig_get_not_found" time="0.096" /><testcase classname="test_new_features.TestMultisigPrivacy" name="test_multisig_user_list" time="0.206" /></testsuite></testsuites>