<?xml version="1.0" encoding="utf-8"?><testsuites name="pytest tests"><testsuite name="pytest" errors="0" failures="0" skipped="0" tests="18" time="2.315" timestamp="2026-03-15T05:55:00.325258+00:00" hostname="agent-env-48fcaab0-00bc-4d7b-a1e0-d50e1871c263"><testcase classname="test_upl_chains.TestHealth" name="test_health_returns_healthy" time="0.226" /><testcase classname="test_upl_chains.TestHealth" name="test_root_endpoint" time="0.110" /><testcase classname="test_upl_chains.TestChainsAPI" name="test_chains_returns_200" time="0.139" /><testcase classname="test_upl_chains.TestChainsAPI" name="test_chains_has_four_live_chains" time="0.143" /><testcase classname="test_upl_chains.TestChainsAPI" name="test_chains_includes_base" time="0.106" /><testcase classname="test_upl_chains.TestChainsAPI" name="test_chains_includes_arbitrum" time="0.192" /><testcase classname="test_upl_chains.TestChainsAPI" name="test_chains_includes_polygon" time="0.112" /><testcase classname="test_upl_chains.TestChainsAPI" name="test_chains_includes_optimism" time="0.102" /><testcase classname="test_upl_chains.TestChainsAPI" name="test_contracts_privacy_relayer_address" time="0.100" /><testcase classname="test_upl_chains.TestChainsAPI" name="test_contracts_stealth_registry_address" time="0.132" /><testcase classname="test_upl_chains.TestTokensAPI" name="test_tokens_base" time="0.106" /><testcase classname="test_upl_chains.TestTokensAPI" name="test_tokens_arbitrum" time="0.098" /><testcase classname="test_upl_chains.TestTokensAPI" name="test_tokens_polygon" time="0.103" /><testcase classname="test_upl_chains.TestTokensAPI" name="test_tokens_optimism" time="0.134" /><testcase classname="test_upl_chains.TestTokensAPI" name="test_tokens_invalid_chain_returns_400" time="0.112" /><testcase classname="test_upl_chains.TestDeployerInfo" name="test_deployer_info" time="0.093" /><testcase classname="test_upl_chains.TestStealthGenerate" name="test_stealth_generate_success" time="0.134" /><testcase classname="test_upl_chains.TestStealthGenerate" name="test_stealth_generate_for_arbitrum" time="0.111" /></testsuite></testsuites>