<?xml version="1.0" encoding="utf-8"?><testsuites name="pytest tests"><testsuite name="pytest" errors="0" failures="0" skipped="0" tests="19" time="5.590" timestamp="2026-03-15T09:04:45.374420+00:00" hostname="agent-env-21edd79f-4224-4f7d-b417-b909090c61a8"><testcase classname="test_upl_features.TestHealthAndStats" name="test_health_endpoint" time="0.202" /><testcase classname="test_upl_features.TestHealthAndStats" name="test_stats_endpoint" time="0.104" /><testcase classname="test_upl_features.TestHealthAndStats" name="test_chains_endpoint" time="0.101" /><testcase classname="test_upl_features.TestHiddenBalance" name="test_hidden_balance_endpoint" time="1.488" /><testcase classname="test_upl_features.TestHiddenBalance" name="test_hidden_balance_all_chains" time="0.733" /><testcase classname="test_upl_features.TestTransactionHistory" name="test_transaction_history_endpoint" time="0.136" /><testcase classname="test_upl_features.TestTransactionHistory" name="test_transaction_history_with_limit" time="0.106" /><testcase classname="test_upl_features.TestDualSeedWallet" name="test_wallet_create" time="0.218" /><testcase classname="test_upl_features.TestDualSeedWallet" name="test_wallet_register_privacy" time="0.101" /><testcase classname="test_upl_features.TestDualSeedWallet" name="test_wallet_get_privacy" time="0.101" /><testcase classname="test_upl_features.TestStealthAddress" name="test_stealth_generate" time="0.741" /><testcase classname="test_upl_features.TestStealthAddress" name="test_stealth_generate_multiple_chains" time="0.395" /><testcase classname="test_upl_features.TestNFTPrivacy" name="test_nft_proxy_create" time="0.110" /><testcase classname="test_upl_features.TestNFTPrivacy" name="test_nft_proxy_all_actions" time="0.424" /><testcase classname="test_upl_features.TestTokenApprovalPrivacy" name="test_disposable_approval_create" time="0.101" /><testcase classname="test_upl_features.TestContractPrivacy" name="test_contract_proxy_create" time="0.138" /><testcase classname="test_upl_features.TestContractPrivacy" name="test_contract_proxy_with_args" time="0.100" /><testcase classname="test_upl_features.TestTokensEndpoint" name="test_tokens_base" time="0.106" /><testcase classname="test_upl_features.TestTokensEndpoint" name="test_tokens_invalid_chain" time="0.099" /></testsuite></testsuites>