<?xml version="1.0" encoding="utf-8"?><testsuites name="pytest tests"><testsuite name="pytest" errors="0" failures="0" skipped="0" tests="16" time="4.164" timestamp="2026-03-15T17:01:37.696892+00:00" hostname="agent-env-8611e993-2308-414d-921f-71a8a1711cf5"><testcase classname="test_defi_integrations.TestUniswapV3Integration" name="test_uniswap_supported_chains" time="0.254" /><testcase classname="test_defi_integrations.TestUniswapV3Integration" name="test_uniswap_quote_base" time="0.355" /><testcase classname="test_defi_integrations.TestUniswapV3Integration" name="test_uniswap_quote_arbitrum" time="0.318" /><testcase classname="test_defi_integrations.TestUniswapV3Integration" name="test_uniswap_quote_unsupported_chain" time="0.109" /><testcase classname="test_defi_integrations.TestHyperliquidIntegration" name="test_hyperliquid_markets" time="0.494" /><testcase classname="test_defi_integrations.TestHyperliquidIntegration" name="test_hyperliquid_price_eth" time="0.318" /><testcase classname="test_defi_integrations.TestHyperliquidIntegration" name="test_hyperliquid_price_btc" time="0.346" /><testcase classname="test_defi_integrations.TestHyperliquidIntegration" name="test_hyperliquid_prepare_private_trade_long" time="0.162" /><testcase classname="test_defi_integrations.TestHyperliquidIntegration" name="test_hyperliquid_prepare_private_trade_short" time="0.138" /><testcase classname="test_defi_integrations.TestPolymarketIntegration" name="test_polymarket_markets" time="0.424" /><testcase classname="test_defi_integrations.TestPolymarketIntegration" name="test_polymarket_markets_limit" time="0.407" /><testcase classname="test_defi_integrations.TestPolymarketIntegration" name="test_polymarket_prepare_private_bet_yes" time="0.166" /><testcase classname="test_defi_integrations.TestPolymarketIntegration" name="test_polymarket_prepare_private_bet_no" time="0.115" /><testcase classname="test_defi_integrations.TestDeFiEndpointResponses" name="test_uniswap_quote_privacy_fields" time="0.224" /><testcase classname="test_defi_integrations.TestDeFiEndpointResponses" name="test_hyperliquid_trade_privacy_routing" time="0.127" /><testcase classname="test_defi_integrations.TestDeFiEndpointResponses" name="test_polymarket_bet_privacy_fee_calculation" time="0.115" /></testsuite></testsuites>